[2022-08-26 09:15:02,759][browserUtli.py 46][INFO]: 谷歌浏览器启动成功
[2022-08-26 09:15:58,289][browserUtli.py 46][INFO]: 谷歌浏览器启动成功
[2022-08-26 09:16:09,577][driverUtil.py 55][ERROR]: 显性等待:超时,无法定位('id', 'ew')元素
[2022-08-26 09:19:21,682][browserUtli.py 46][INFO]: 谷歌浏览器启动成功
[2022-08-26 09:19:33,348][driverUtil.py 55][ERROR]: 显性等待:超时,无法定位('id', 'ew')元素
[2022-08-26 09:21:21,417][browserUtli.py 46][INFO]: 谷歌浏览器启动成功
[2022-08-26 09:21:37,714][browserUtli.py 46][INFO]: 谷歌浏览器启动成功
[2022-08-26 10:43:21,712][browserUtli.py 46][INFO]: 谷歌浏览器启动成功
[2022-08-26 10:43:59,733][browserUtli.py 46][INFO]: 谷歌浏览器启动成功
[2022-08-26 10:43:59,907][driverUtil.py 44][INFO]: 浏览器操作:网页打开成功
[2022-08-26 10:43:59,907][Ecshop_web_loginPage.py 33][INFO]: 用例名称:测试登录成功
[2022-08-26 10:43:59,907][Ecshop_web_loginPage.py 34][INFO]: 接口地址:http://192.168.0.135:8080/ECShop_V2.7.2_UTF8_Release0604/upload66user.php
[2022-08-26 10:43:59,907][Ecshop_web_loginPage.py 35][INFO]: 用户名:wjy
[2022-08-26 10:43:59,907][Ecshop_web_loginPage.py 36][INFO]: 密码:123456
[2022-08-26 10:47:36,632][browserUtli.py 46][INFO]: 谷歌浏览器启动成功
[2022-08-26 10:47:36,887][driverUtil.py 44][INFO]: 浏览器操作:网页打开成功
[2022-08-26 10:47:36,887][Ecshop_web_loginPage.py 33][INFO]: 用例名称:测试登录成功
[2022-08-26 10:47:36,888][Ecshop_web_loginPage.py 34][INFO]: 接口地址:http://192.168.0.135:8080/ECShop_V2.7.2_UTF8_Release0604/upload66/user.php
[2022-08-26 10:47:36,888][Ecshop_web_loginPage.py 35][INFO]: 用户名:wjy
[2022-08-26 10:47:36,888][Ecshop_web_loginPage.py 36][INFO]: 密码:123456
[2022-08-26 10:50:08,492][browserUtli.py 46][INFO]: 谷歌浏览器启动成功
[2022-08-26 10:50:08,835][driverUtil.py 44][INFO]: 浏览器操作:网页打开成功
[2022-08-26 10:50:08,836][Ecshop_web_loginPage.py 33][INFO]: 用例名称:测试登录成功
[2022-08-26 10:50:08,836][Ecshop_web_loginPage.py 34][INFO]: 接口地址:http://192.168.0.135:8080/ECShop_V2.7.2_UTF8_Release0604/upload66/user.php
[2022-08-26 10:50:08,836][Ecshop_web_loginPage.py 35][INFO]: 用户名:wjy
[2022-08-26 10:50:08,836][Ecshop_web_loginPage.py 36][INFO]: 密码:123456
[2022-08-26 10:54:44,643][browserUtli.py 46][INFO]: 谷歌浏览器启动成功
[2022-08-26 10:54:44,964][driverUtil.py 44][INFO]: 浏览器操作:网页打开成功
[2022-08-26 10:54:44,965][Ecshop_web_loginPage.py 33][INFO]: 用例名称:测试登录成功
[2022-08-26 10:54:44,965][Ecshop_web_loginPage.py 34][INFO]: 接口地址:http://192.168.0.135:8080/ECShop_V2.7.2_UTF8_Release0604/upload66/user.php
[2022-08-26 10:54:44,965][Ecshop_web_loginPage.py 35][INFO]: 用户名:wjy
[2022-08-26 10:54:44,965][Ecshop_web_loginPage.py 36][INFO]: 密码:123456
[2022-08-26 10:57:38,567][browserUtli.py 46][INFO]: 谷歌浏览器启动成功
[2022-08-26 10:57:38,865][driverUtil.py 44][INFO]: 浏览器操作:网页打开成功
[2022-08-26 10:57:38,866][Ecshop_web_loginPage.py 33][INFO]: 用例名称:测试登录成功
[2022-08-26 10:57:38,866][Ecshop_web_loginPage.py 34][INFO]: 接口地址:http://192.168.0.135:8080/ECShop_V2.7.2_UTF8_Release0604/upload66/user.php
[2022-08-26 10:57:38,866][Ecshop_web_loginPage.py 35][INFO]: 用户名:wjy
[2022-08-26 10:57:38,866][Ecshop_web_loginPage.py 36][INFO]: 密码:123456
[2022-08-26 10:59:10,018][browserUtli.py 46][INFO]: 谷歌浏览器启动成功
[2022-08-26 10:59:10,390][driverUtil.py 44][INFO]: 浏览器操作:网页打开成功
[2022-08-26 10:59:10,390][Ecshop_web_loginPage.py 33][INFO]: 用例名称:测试登录成功
[2022-08-26 10:59:10,390][Ecshop_web_loginPage.py 34][INFO]: 接口地址:http://192.168.0.135:8080/ECShop_V2.7.2_UTF8_Release0604/upload66/user.php
[2022-08-26 10:59:10,390][Ecshop_web_loginPage.py 35][INFO]: 用户名:wjy
[2022-08-26 10:59:10,391][Ecshop_web_loginPage.py 36][INFO]: 密码:123456
[2022-08-26 11:33:16,436][browserUtli.py 46][INFO]: 浏览器操作:谷歌浏览器启动成功
[2022-08-26 11:33:16,759][driverUtil.py 44][INFO]: 浏览器操作:网页打开成功
[2022-08-26 11:33:16,760][Ecshop_web_loginPage.py 33][INFO]: 用例名称:测试登录成功
[2022-08-26 11:33:16,760][Ecshop_web_loginPage.py 34][INFO]: 接口地址:http://192.168.0.135:8080/ECShop_V2.7.2_UTF8_Release0604/upload66/user.php
[2022-08-26 11:33:16,761][Ecshop_web_loginPage.py 35][INFO]: 用户名:wjy
[2022-08-26 11:33:16,761][Ecshop_web_loginPage.py 36][INFO]: 密码:123456
[2022-08-26 14:13:47,721][browserUtli.py 46][INFO]: 浏览器操作:谷歌浏览器启动成功
[2022-08-26 14:13:48,049][driverUtil.py 44][INFO]: 浏览器操作:网页打开成功
[2022-08-26 14:13:48,050][Ecshop_web_loginPage.py 33][INFO]: 用例名称:测试登录成功
[2022-08-26 14:13:48,050][Ecshop_web_loginPage.py 34][INFO]: 接口地址:http://192.168.0.135:8080/ECShop_V2.7.2_UTF8_Release0604/upload66/user.php
[2022-08-26 14:13:48,050][Ecshop_web_loginPage.py 35][INFO]: 用户名:wjy
[2022-08-26 14:13:48,050][Ecshop_web_loginPage.py 36][INFO]: 密码:123456
[2022-08-26 14:13:48,470][assertUtil.py 118][INFO]: 断言成功:返回的结果中包含登录成功
[2022-08-26 14:13:48,471][assertUtil.py 119][INFO]: 用例执行:成功
[2022-08-26 14:22:48,995][browserUtli.py 46][INFO]: 浏览器操作:谷歌浏览器启动成功
[2022-08-26 14:22:49,359][driverUtil.py 44][INFO]: 浏览器操作:网页打开成功
[2022-08-26 14:22:49,359][Ecshop_web_loginPage.py 33][INFO]: 用例名称:测试登录成功
[2022-08-26 14:22:49,359][Ecshop_web_loginPage.py 34][INFO]: 接口地址:http://192.168.0.135:8080/ECShop_V2.7.2_UTF8_Release0604/upload66/user.php
[2022-08-26 14:22:49,359][Ecshop_web_loginPage.py 35][INFO]: 用户名:wjy
[2022-08-26 14:22:49,359][Ecshop_web_loginPage.py 36][INFO]: 密码:123456
[2022-08-26 14:22:49,878][driverUtil.py 88][INFO]: 浏览器操作:关闭浏览器
[2022-08-26 16:55:40,230][browserUtli.py 46][INFO]: 浏览器操作:谷歌浏览器启动成功
[2022-08-26 16:55:40,787][driverUtil.py 47][INFO]: 浏览器操作:网页打开成功
[2022-08-26 16:55:40,788][Ecshop_web_loginUser.py 26][INFO]: 用例名称:测试登录成功
[2022-08-26 16:55:40,788][Ecshop_web_loginUser.py 27][INFO]: 用户名:wjy
[2022-08-26 16:55:40,788][Ecshop_web_loginUser.py 28][INFO]: 密码:123456
[2022-08-26 16:55:41,754][driverUtil.py 98][INFO]: 浏览器操作:关闭浏览器
[2022-08-26 16:58:21,812][browserUtli.py 46][INFO]: 浏览器操作:谷歌浏览器启动成功
[2022-08-26 16:58:22,422][driverUtil.py 47][INFO]: 浏览器操作:网页打开成功
[2022-08-26 16:58:22,422][Ecshop_web_loginUser.py 26][INFO]: 用例名称:测试登录成功
[2022-08-26 16:58:22,422][Ecshop_web_loginUser.py 27][INFO]: 用户名:wjy
[2022-08-26 16:58:22,422][Ecshop_web_loginUser.py 28][INFO]: 密码:123456
[2022-08-26 16:58:23,221][assertUtil.py 118][INFO]: 断言成功:返回的结果中包含登录成功
[2022-08-26 16:58:23,221][assertUtil.py 119][INFO]: 用例执行:成功
[2022-08-26 17:14:20,138][browserUtli.py 46][INFO]: 浏览器操作:谷歌浏览器启动成功
[2022-08-26 17:14:20,143][Ecshop_web_loginUser.py 26][INFO]: 用例名称:测试登录成功
[2022-08-26 17:14:20,143][Ecshop_web_loginUser.py 27][INFO]: 用户名:wjy
[2022-08-26 17:14:20,143][Ecshop_web_loginUser.py 28][INFO]: 密码:123456
[2022-08-26 17:14:21,637][browserUtli.py 46][INFO]: 浏览器操作:谷歌浏览器启动成功
[2022-08-26 17:17:04,749][browserUtli.py 46][INFO]: 浏览器操作:谷歌浏览器启动成功
[2022-08-26 17:17:05,383][driverUtil.py 50][INFO]: 浏览器操作:网页打开成功
[2022-08-26 17:17:05,385][Ecshop_web_loginUser.py 25][INFO]: 用例名称:测试登录成功
[2022-08-26 17:17:05,385][Ecshop_web_loginUser.py 26][INFO]: 用户名:wjy
[2022-08-26 17:17:05,386][Ecshop_web_loginUser.py 27][INFO]: 密码:123456
[2022-08-26 17:17:06,905][browserUtli.py 46][INFO]: 浏览器操作:谷歌浏览器启动成功
[2022-08-26 17:17:07,444][driverUtil.py 50][INFO]: 浏览器操作:网页打开成功
[2022-08-26 17:17:11,380][browserUtli.py 46][INFO]: 浏览器操作:谷歌浏览器启动成功
[2022-08-26 17:17:11,829][driverUtil.py 50][INFO]: 浏览器操作:网页打开成功
[2022-08-26 17:17:22,241][driverUtil.py 65][ERROR]: 显性等待:超时,无法定位("name", "username")元素
[2022-08-26 17:17:48,264][browserUtli.py 46][INFO]: 浏览器操作:谷歌浏览器启动成功
[2022-08-26 17:17:48,268][Ecshop_web_loginUser.py 25][INFO]: 用例名称:测试登录成功
[2022-08-26 17:17:48,268][Ecshop_web_loginUser.py 26][INFO]: 用户名:wjy
[2022-08-26 17:17:48,268][Ecshop_web_loginUser.py 27][INFO]: 密码:123456
[2022-08-26 17:17:48,778][driverUtil.py 49][INFO]: 浏览器操作:网页打开成功
[2022-08-26 17:17:50,185][browserUtli.py 46][INFO]: 浏览器操作:谷歌浏览器启动成功
[2022-08-26 17:19:04,716][browserUtli.py 46][INFO]: 浏览器操作:谷歌浏览器启动成功
[2022-08-26 17:19:04,720][Ecshop_web_loginUser.py 25][INFO]: 用例名称:测试登录成功
[2022-08-26 17:19:04,720][Ecshop_web_loginUser.py 26][INFO]: 用户名:wjy
[2022-08-26 17:19:04,720][Ecshop_web_loginUser.py 27][INFO]: 密码:123456
[2022-08-26 17:19:15,685][driverUtil.py 49][INFO]: 浏览器操作:网页打开成功
[2022-08-26 17:20:26,925][browserUtli.py 46][INFO]: 浏览器操作:谷歌浏览器启动成功
[2022-08-26 17:20:27,616][driverUtil.py 49][INFO]: 浏览器操作:网页打开成功
[2022-08-26 17:20:27,617][Ecshop_web_loginUser.py 25][INFO]: 用例名称:测试登录成功
[2022-08-26 17:20:27,618][Ecshop_web_loginUser.py 26][INFO]: 用户名:wjy
[2022-08-26 17:20:27,618][Ecshop_web_loginUser.py 27][INFO]: 密码:123456
[2022-08-26 17:20:29,210][browserUtli.py 46][INFO]: 浏览器操作:谷歌浏览器启动成功
[2022-08-26 17:20:29,588][driverUtil.py 49][INFO]: 浏览器操作:网页打开成功
[2022-08-26 17:20:33,775][browserUtli.py 46][INFO]: 浏览器操作:谷歌浏览器启动成功
[2022-08-26 17:20:33,826][driverUtil.py 49][INFO]: 浏览器操作:网页打开成功
[2022-08-26 17:21:31,281][Ecshop_web_loginUser.py 25][INFO]: 用例名称:测试登录成功
[2022-08-26 17:21:31,281][Ecshop_web_loginUser.py 26][INFO]: 用户名:wjy
[2022-08-26 17:21:31,281][Ecshop_web_loginUser.py 27][INFO]: 密码:123456
[2022-08-26 17:22:01,431][Ecshop_web_loginUser.py 25][INFO]: 用例名称:测试登录成功
[2022-08-26 17:22:01,431][Ecshop_web_loginUser.py 26][INFO]: 用户名:wjy
[2022-08-26 17:22:01,431][Ecshop_web_loginUser.py 27][INFO]: 密码:123456
[2022-08-26 17:22:03,039][browserUtli.py 46][INFO]: 浏览器操作:谷歌浏览器启动成功
[2022-08-26 17:22:03,659][driverUtil.py 48][INFO]: 浏览器操作:网页打开成功
[2022-08-26 17:22:07,330][browserUtli.py 46][INFO]: 浏览器操作:谷歌浏览器启动成功
[2022-08-26 17:22:30,527][Ecshop_web_loginUser.py 24][INFO]: 用例名称:测试登录成功
[2022-08-26 17:22:30,527][Ecshop_web_loginUser.py 25][INFO]: 用户名:wjy
[2022-08-26 17:22:30,527][Ecshop_web_loginUser.py 26][INFO]: 密码:123456
[2022-08-26 17:22:32,942][browserUtli.py 46][INFO]: 浏览器操作:谷歌浏览器启动成功
[2022-08-26 17:24:24,630][Ecshop_web_loginUser.py 24][INFO]: 用例名称:测试登录成功
[2022-08-26 17:24:24,630][Ecshop_web_loginUser.py 25][INFO]: 用户名:wjy
[2022-08-26 17:24:24,630][Ecshop_web_loginUser.py 26][INFO]: 密码:123456
[2022-08-26 17:24:26,319][browserUtli.py 46][INFO]: 浏览器操作:谷歌浏览器启动成功
[2022-08-26 17:24:36,830][driverUtil.py 63][ERROR]: 显性等待:超时,无法定位("xpath","//img[contains(@src,'log.gif')]")元素
[2022-08-26 17:24:40,504][browserUtli.py 46][INFO]: 浏览器操作:谷歌浏览器启动成功
[2022-08-26 17:24:51,044][driverUtil.py 63][ERROR]: 显性等待:超时,无法定位("name", "username")元素
[2022-08-26 17:30:47,570][Ecshop_web_loginUser.py 24][INFO]: 用例名称:测试登录成功
[2022-08-26 17:30:47,570][Ecshop_web_loginUser.py 25][INFO]: 用户名:wjy
[2022-08-26 17:30:47,570][Ecshop_web_loginUser.py 26][INFO]: 密码:123456
[2022-08-26 17:30:49,041][browserUtli.py 46][INFO]: 浏览器操作:谷歌浏览器启动成功
[2022-08-26 17:30:59,151][driverUtil.py 63][ERROR]: 显性等待:超时,无法定位("xpath","//img[contains(@src,'log.gif')]")元素
[2022-08-26 17:36:11,560][Ecshop_web_loginUser.py 24][INFO]: 用例名称:测试登录成功
[2022-08-26 17:36:11,560][Ecshop_web_loginUser.py 25][INFO]: 用户名:wjy
[2022-08-26 17:36:11,560][Ecshop_web_loginUser.py 26][INFO]: 密码:123456
[2022-08-26 17:36:13,034][browserUtli.py 46][INFO]: 浏览器操作:谷歌浏览器启动成功
[2022-08-26 17:36:23,619][driverUtil.py 63][ERROR]: 显性等待:超时,无法定位("xpath","//img[contains(@src,'log.gif')]")元素
[2022-08-26 17:36:27,564][browserUtli.py 46][INFO]: 浏览器操作:谷歌浏览器启动成功
[2022-08-26 17:36:38,190][driverUtil.py 63][ERROR]: 显性等待:超时,无法定位("name", "username")元素
[2022-08-26 17:39:09,003][Ecshop_web_loginUser.py 24][INFO]: 用例名称:测试登录成功
[2022-08-26 17:39:09,715][Ecshop_web_loginUser.py 25][INFO]: 用户名:wjy
[2022-08-26 17:39:10,699][Ecshop_web_loginUser.py 26][INFO]: 密码:123456
[2022-08-26 17:39:49,215][browserUtli.py 46][INFO]: 浏览器操作:谷歌浏览器启动成功
[2022-08-26 17:41:29,203][Ecshop_web_loginUser.py 24][INFO]: 用例名称:测试登录成功
[2022-08-26 17:41:30,252][Ecshop_web_loginUser.py 25][INFO]: 用户名:wjy
[2022-08-26 17:41:31,021][Ecshop_web_loginUser.py 26][INFO]: 密码:123456
[2022-08-26 17:41:41,654][browserUtli.py 46][INFO]: 浏览器操作:谷歌浏览器启动成功
