[2022-08-27 01:29:45,433][Ecshop_web_loginUser.py 24][INFO]: 用例名称:测试登录成功
[2022-08-27 01:29:45,433][Ecshop_web_loginUser.py 25][INFO]: 用户名:wjy
[2022-08-27 01:29:45,433][Ecshop_web_loginUser.py 26][INFO]: 密码:123456
[2022-08-27 01:29:53,458][browserUtli.py 46][INFO]: 浏览器操作:谷歌浏览器启动成功
[2022-08-27 01:29:55,173][driverUtil.py 55][INFO]: 浏览器操作:网页打开成功
[2022-08-27 01:29:59,047][browserUtli.py 46][INFO]: 浏览器操作:谷歌浏览器启动成功
[2022-08-27 01:30:00,284][driverUtil.py 55][INFO]: 浏览器操作:网页打开成功
[2022-08-27 01:30:10,862][driverUtil.py 70][ERROR]: 显性等待:超时,无法定位("name", "username")元素
[2022-08-27 01:43:33,504][Ecshop_web_loginUser.py 24][INFO]: 用例名称:测试登录成功
[2022-08-27 01:43:33,505][Ecshop_web_loginUser.py 25][INFO]: 用户名:wjy
[2022-08-27 01:43:33,505][Ecshop_web_loginUser.py 26][INFO]: 密码:123456
[2022-08-27 01:44:58,536][Ecshop_web_loginUser.py 24][INFO]: 用例名称:测试登录成功
[2022-08-27 01:44:58,538][Ecshop_web_loginUser.py 25][INFO]: 用户名:wjy
[2022-08-27 01:44:58,538][Ecshop_web_loginUser.py 26][INFO]: 密码:123456
[2022-08-27 01:46:36,003][Ecshop_web_loginUser.py 24][INFO]: 用例名称:测试登录成功
[2022-08-27 01:46:36,480][Ecshop_web_loginUser.py 25][INFO]: 用户名:wjy
[2022-08-27 01:46:37,034][Ecshop_web_loginUser.py 26][INFO]: 密码:123456
[2022-08-27 01:48:39,784][Ecshop_web_loginUser.py 24][INFO]: 用例名称:测试登录成功
[2022-08-27 01:48:39,785][Ecshop_web_loginUser.py 25][INFO]: 用户名:wjy
[2022-08-27 01:48:39,785][Ecshop_web_loginUser.py 26][INFO]: 密码:123456
[2022-08-27 01:50:09,786][Ecshop_web_loginUser.py 24][INFO]: 用例名称:测试登录成功
[2022-08-27 01:50:09,786][Ecshop_web_loginUser.py 25][INFO]: 用户名:wjy
[2022-08-27 01:50:09,787][Ecshop_web_loginUser.py 26][INFO]: 密码:123456
[2022-08-27 01:51:26,815][browserUtli.py 46][INFO]: 浏览器操作:谷歌浏览器启动成功
[2022-08-27 01:51:29,589][driverUtil.py 56][INFO]: 浏览器操作:网页打开成功
[2022-08-27 01:51:29,644][Ecshop_web_loginUser.py 24][INFO]: 用例名称:测试登录成功
[2022-08-27 01:51:29,645][Ecshop_web_loginUser.py 25][INFO]: 用户名:wjy
[2022-08-27 01:51:29,645][Ecshop_web_loginUser.py 26][INFO]: 密码:123456
[2022-08-27 17:05:13,174][browserUtli.py 46][INFO]: 浏览器操作:谷歌浏览器启动成功
[2022-08-27 17:05:16,131][driverUtil.py 56][INFO]: 浏览器操作:网页打开成功
[2022-08-27 17:05:53,966][browserUtli.py 46][INFO]: 浏览器操作:谷歌浏览器启动成功
[2022-08-27 17:05:54,804][driverUtil.py 56][INFO]: 浏览器操作:网页打开成功
[2022-08-27 17:05:54,842][Ecshop_web_loginUser.py 24][INFO]: 用例名称:测试登录成功
[2022-08-27 17:05:54,843][Ecshop_web_loginUser.py 25][INFO]: 用户名:wjy
[2022-08-27 17:05:54,843][Ecshop_web_loginUser.py 26][INFO]: 密码:123456
[2022-08-27 17:05:56,137][assertUtil.py 121][DEBUG]: 断言失败:返回的结果中不包含登录成功
[2022-08-27 17:05:56,137][assertUtil.py 122][DEBUG]: 用例执行:失败
[2022-08-27 17:07:39,553][browserUtli.py 46][INFO]: 浏览器操作:谷歌浏览器启动成功
[2022-08-27 17:07:40,589][driverUtil.py 56][INFO]: 浏览器操作:网页打开成功
[2022-08-27 17:07:40,653][Ecshop_web_loginUser.py 24][INFO]: 用例名称:测试登录成功
[2022-08-27 17:07:40,654][Ecshop_web_loginUser.py 25][INFO]: 用户名:wjy
[2022-08-27 17:07:40,654][Ecshop_web_loginUser.py 26][INFO]: 密码:123456
[2022-08-27 17:07:41,426][assertUtil.py 121][DEBUG]: 断言失败:返回的结果中不包含登录成功
[2022-08-27 17:07:41,427][assertUtil.py 122][DEBUG]: 用例执行:失败
[2022-08-27 17:10:49,941][browserUtli.py 46][INFO]: 浏览器操作:谷歌浏览器启动成功
[2022-08-27 17:10:51,181][driverUtil.py 56][INFO]: 浏览器操作:网页打开成功
[2022-08-27 17:10:51,239][Ecshop_web_loginUser.py 23][INFO]: 用例名称:测试登录成功
[2022-08-27 17:10:51,239][Ecshop_web_loginUser.py 24][INFO]: 用户名:wjy
[2022-08-27 17:10:51,240][Ecshop_web_loginUser.py 25][INFO]: 密码:123456
[2022-08-27 17:10:52,254][assertUtil.py 118][INFO]: 断言成功:返回的结果中包含登录成功
[2022-08-27 17:10:52,254][assertUtil.py 119][INFO]: 用例执行:成功
[2022-08-27 17:11:22,337][browserUtli.py 46][INFO]: 浏览器操作:谷歌浏览器启动成功
[2022-08-27 17:11:23,327][driverUtil.py 56][INFO]: 浏览器操作:网页打开成功
[2022-08-27 17:11:23,386][Ecshop_web_loginUser.py 23][INFO]: 用例名称:测试登录成功
[2022-08-27 17:11:23,387][Ecshop_web_loginUser.py 24][INFO]: 用户名:wjy
[2022-08-27 17:11:23,387][Ecshop_web_loginUser.py 25][INFO]: 密码:123456
[2022-08-27 17:11:24,252][assertUtil.py 118][INFO]: 断言成功:返回的结果中包含登录成功
[2022-08-27 17:11:24,252][assertUtil.py 119][INFO]: 用例执行:成功
[2022-08-27 17:14:42,860][browserUtli.py 46][INFO]: 浏览器操作:谷歌浏览器启动成功
[2022-08-27 17:14:43,418][driverUtil.py 50][INFO]: 浏览器操作:网页打开成功
[2022-08-27 17:14:43,466][Ecshop_web_loginUser.py 23][INFO]: 用例名称:测试登录成功
[2022-08-27 17:14:43,467][Ecshop_web_loginUser.py 24][INFO]: 用户名:wjy
[2022-08-27 17:14:43,467][Ecshop_web_loginUser.py 25][INFO]: 密码:123456
[2022-08-27 17:14:44,318][assertUtil.py 118][INFO]: 断言成功:返回的结果中包含登录成功
[2022-08-27 17:14:44,319][assertUtil.py 119][INFO]: 用例执行:成功
[2022-08-27 17:29:42,990][browserUtli.py 46][INFO]: 浏览器操作:谷歌浏览器启动成功
[2022-08-27 17:29:44,352][driverUtil.py 50][INFO]: 浏览器操作:网页打开成功
[2022-08-27 17:29:44,352][Ecshop_web_loginUser.py 25][INFO]: 用例名称:测试登录成功
[2022-08-27 17:29:44,353][Ecshop_web_loginUser.py 26][INFO]: 用户名:wjy
[2022-08-27 17:29:44,353][Ecshop_web_loginUser.py 27][INFO]: 密码:123456
[2022-08-27 17:31:43,886][browserUtli.py 46][INFO]: 浏览器操作:谷歌浏览器启动成功
[2022-08-27 17:33:53,687][browserUtli.py 46][INFO]: 浏览器操作:谷歌浏览器启动成功
[2022-08-27 17:34:16,178][driverUtil.py 50][INFO]: 浏览器操作:网页打开成功
[2022-08-27 17:34:16,179][Ecshop_web_loginUser.py 25][INFO]: 用例名称:测试登录成功
[2022-08-27 17:34:16,179][Ecshop_web_loginUser.py 26][INFO]: 用户名:wjy
[2022-08-27 17:34:16,180][Ecshop_web_loginUser.py 27][INFO]: 密码:123456
[2022-08-27 17:34:17,007][assertUtil.py 118][INFO]: 断言成功:返回的结果中包含登录成功
[2022-08-27 17:34:17,008][assertUtil.py 119][INFO]: 用例执行:成功
[2022-08-27 18:41:07,469][browserUtli.py 46][INFO]: 浏览器操作:谷歌浏览器启动成功
[2022-08-27 18:41:08,428][driverUtil.py 50][INFO]: 浏览器操作:网页打开成功
[2022-08-27 18:41:57,457][browserUtli.py 46][INFO]: 浏览器操作:谷歌浏览器启动成功
[2022-08-27 18:41:58,239][driverUtil.py 50][INFO]: 浏览器操作:网页打开成功
[2022-08-27 18:41:58,239][Ecshop_web_loginUser.py 24][INFO]: 用例名称:测试登录成功
[2022-08-27 18:41:58,240][Ecshop_web_loginUser.py 25][INFO]: 用户名:wjy
[2022-08-27 18:41:58,240][Ecshop_web_loginUser.py 26][INFO]: 密码:123456
[2022-08-27 18:41:59,137][assertUtil.py 118][INFO]: 断言成功:返回的结果中包含登录成功
[2022-08-27 18:41:59,137][assertUtil.py 119][INFO]: 用例执行:成功
[2022-08-27 18:42:16,893][browserUtli.py 46][INFO]: 浏览器操作:谷歌浏览器启动成功
[2022-08-27 18:42:17,558][driverUtil.py 50][INFO]: 浏览器操作:网页打开成功
[2022-08-27 18:42:17,558][Ecshop_web_loginUser.py 24][INFO]: 用例名称:测试登录成功
[2022-08-27 18:42:17,558][Ecshop_web_loginUser.py 25][INFO]: 用户名:wjy
[2022-08-27 18:42:17,559][Ecshop_web_loginUser.py 26][INFO]: 密码:123456
[2022-08-27 18:42:18,427][assertUtil.py 118][INFO]: 断言成功:返回的结果中包含登录成功
[2022-08-27 18:42:18,428][assertUtil.py 119][INFO]: 用例执行:成功
[2022-08-27 18:42:22,047][browserUtli.py 46][INFO]: 浏览器操作:谷歌浏览器启动成功
[2022-08-27 18:42:22,639][driverUtil.py 50][INFO]: 浏览器操作:网页打开成功
[2022-08-27 18:43:11,917][browserUtli.py 46][INFO]: 浏览器操作:谷歌浏览器启动成功
[2022-08-27 18:43:12,902][driverUtil.py 50][INFO]: 浏览器操作:网页打开成功
[2022-08-27 18:43:12,903][Ecshop_web_loginUser.py 24][INFO]: 用例名称:测试登录成功
[2022-08-27 18:43:12,903][Ecshop_web_loginUser.py 25][INFO]: 用户名:wjy
[2022-08-27 18:43:12,903][Ecshop_web_loginUser.py 26][INFO]: 密码:123456
[2022-08-27 18:43:13,850][assertUtil.py 118][INFO]: 断言成功:返回的结果中包含登录成功
[2022-08-27 18:43:13,850][assertUtil.py 119][INFO]: 用例执行:成功
[2022-08-27 18:43:17,544][browserUtli.py 46][INFO]: 浏览器操作:谷歌浏览器启动成功
[2022-08-27 18:43:18,305][driverUtil.py 50][INFO]: 浏览器操作:网页打开成功
[2022-08-27 18:44:10,584][browserUtli.py 46][INFO]: 浏览器操作:谷歌浏览器启动成功
[2022-08-27 18:44:11,160][driverUtil.py 50][INFO]: 浏览器操作:网页打开成功
[2022-08-27 18:44:11,160][Ecshop_web_loginUser.py 24][INFO]: 用例名称:测试登录成功
[2022-08-27 18:44:11,160][Ecshop_web_loginUser.py 25][INFO]: 用户名:wjy
[2022-08-27 18:44:11,161][Ecshop_web_loginUser.py 26][INFO]: 密码:123456
[2022-08-27 18:44:12,017][assertUtil.py 118][INFO]: 断言成功:返回的结果中包含登录成功
[2022-08-27 18:44:12,017][assertUtil.py 119][INFO]: 用例执行:成功
[2022-08-27 18:44:16,674][browserUtli.py 46][INFO]: 浏览器操作:谷歌浏览器启动成功
[2022-08-27 18:44:17,554][driverUtil.py 50][INFO]: 浏览器操作:网页打开成功
[2022-08-27 18:54:39,770][browserUtli.py 46][INFO]: 浏览器操作:谷歌浏览器启动成功
[2022-08-27 18:54:41,942][driverUtil.py 50][INFO]: 浏览器操作:网页打开成功
[2022-08-27 18:54:41,942][Ecshop_web_loginUser.py 41][INFO]: 用例名称:测试登录成功
[2022-08-27 18:54:41,943][Ecshop_web_loginUser.py 42][INFO]: 用户名:wjy
[2022-08-27 18:54:41,943][Ecshop_web_loginUser.py 43][INFO]: 密码:123456
[2022-08-27 18:54:43,375][assertUtil.py 118][INFO]: 断言成功:返回的结果中包含登录成功
[2022-08-27 18:54:43,375][assertUtil.py 119][INFO]: 用例执行:成功
[2022-08-27 18:54:57,659][browserUtli.py 46][INFO]: 浏览器操作:谷歌浏览器启动成功
[2022-08-27 18:54:58,623][driverUtil.py 50][INFO]: 浏览器操作:网页打开成功
[2022-08-27 18:54:58,624][Ecshop_web_loginUser.py 41][INFO]: 用例名称:测试登录成功
[2022-08-27 18:54:58,624][Ecshop_web_loginUser.py 42][INFO]: 用户名:wjy
[2022-08-27 18:54:58,625][Ecshop_web_loginUser.py 43][INFO]: 密码:123456
[2022-08-27 18:54:59,766][assertUtil.py 118][INFO]: 断言成功:返回的结果中包含登录成功
[2022-08-27 18:54:59,766][assertUtil.py 119][INFO]: 用例执行:成功
[2022-08-27 18:55:04,473][browserUtli.py 46][INFO]: 浏览器操作:谷歌浏览器启动成功
[2022-08-27 18:55:05,090][driverUtil.py 50][INFO]: 浏览器操作:网页打开成功
[2022-08-27 18:55:06,982][browserUtli.py 46][INFO]: 浏览器操作:谷歌浏览器启动成功
[2022-08-27 18:55:07,824][driverUtil.py 50][INFO]: 浏览器操作:网页打开成功
[2022-08-27 18:55:07,824][Ecshop_web_loginUser.py 41][INFO]: 用例名称:购买商品
[2022-08-27 18:55:07,824][Ecshop_web_loginUser.py 42][INFO]: 用户名:wjy
[2022-08-27 18:55:07,825][Ecshop_web_loginUser.py 43][INFO]: 密码:123456
[2022-08-27 18:57:04,981][browserUtli.py 46][INFO]: 浏览器操作:谷歌浏览器启动成功
[2022-08-27 18:57:05,796][driverUtil.py 50][INFO]: 浏览器操作:网页打开成功
[2022-08-27 18:57:05,798][Ecshop_web_loginUser.py 41][INFO]: 用例名称:测试登录成功
[2022-08-27 18:57:05,798][Ecshop_web_loginUser.py 42][INFO]: 用户名:wjy
[2022-08-27 18:57:05,798][Ecshop_web_loginUser.py 43][INFO]: 密码:123456
[2022-08-27 18:57:06,635][assertUtil.py 118][INFO]: 断言成功:返回的结果中包含登录成功
[2022-08-27 18:57:06,635][assertUtil.py 119][INFO]: 用例执行:成功
[2022-08-27 18:57:11,407][browserUtli.py 46][INFO]: 浏览器操作:谷歌浏览器启动成功
[2022-08-27 18:57:12,000][driverUtil.py 50][INFO]: 浏览器操作:网页打开成功
[2022-08-27 18:57:13,811][browserUtli.py 46][INFO]: 浏览器操作:谷歌浏览器启动成功
[2022-08-27 18:57:14,606][driverUtil.py 50][INFO]: 浏览器操作:网页打开成功
[2022-08-27 18:57:14,606][Ecshop_web_loginUser.py 41][INFO]: 用例名称:购买商品
[2022-08-27 18:57:14,606][Ecshop_web_loginUser.py 42][INFO]: 用户名:wjy
[2022-08-27 18:57:14,607][Ecshop_web_loginUser.py 43][INFO]: 密码:123456
[2022-08-27 18:57:30,252][driverUtil.py 65][ERROR]: 显性等待:超时,无法定位("xpath","(//img[@alt='移动20元充值卡'])[1]")元素
[2022-08-27 18:58:32,691][browserUtli.py 46][INFO]: 浏览器操作:谷歌浏览器启动成功
[2022-08-27 18:58:33,513][driverUtil.py 50][INFO]: 浏览器操作:网页打开成功
[2022-08-27 18:58:33,513][Ecshop_web_loginUser.py 41][INFO]: 用例名称:测试登录成功
[2022-08-27 18:58:33,513][Ecshop_web_loginUser.py 42][INFO]: 用户名:wjy
[2022-08-27 18:58:33,513][Ecshop_web_loginUser.py 43][INFO]: 密码:123456
[2022-08-27 18:58:34,637][assertUtil.py 118][INFO]: 断言成功:返回的结果中包含登录成功
[2022-08-27 18:58:34,637][assertUtil.py 119][INFO]: 用例执行:成功
[2022-08-27 18:58:39,534][browserUtli.py 46][INFO]: 浏览器操作:谷歌浏览器启动成功
[2022-08-27 18:58:40,368][driverUtil.py 50][INFO]: 浏览器操作:网页打开成功
[2022-08-27 18:58:42,595][browserUtli.py 46][INFO]: 浏览器操作:谷歌浏览器启动成功
[2022-08-27 18:58:43,734][driverUtil.py 50][INFO]: 浏览器操作:网页打开成功
[2022-08-27 18:58:43,735][Ecshop_web_loginUser.py 41][INFO]: 用例名称:购买商品
[2022-08-27 18:58:43,735][Ecshop_web_loginUser.py 42][INFO]: 用户名:wjy
[2022-08-27 18:58:43,735][Ecshop_web_loginUser.py 43][INFO]: 密码:123456
[2022-08-27 18:59:35,154][browserUtli.py 46][INFO]: 浏览器操作:谷歌浏览器启动成功
[2022-08-27 18:59:36,071][driverUtil.py 50][INFO]: 浏览器操作:网页打开成功
[2022-08-27 18:59:36,071][Ecshop_web_loginUser.py 41][INFO]: 用例名称:测试登录成功
[2022-08-27 18:59:36,071][Ecshop_web_loginUser.py 42][INFO]: 用户名:wjy
[2022-08-27 18:59:36,072][Ecshop_web_loginUser.py 43][INFO]: 密码:123456
[2022-08-27 18:59:38,348][assertUtil.py 118][INFO]: 断言成功:返回的结果中包含登录成功
[2022-08-27 18:59:38,349][assertUtil.py 119][INFO]: 用例执行:成功
[2022-08-27 18:59:42,358][browserUtli.py 46][INFO]: 浏览器操作:谷歌浏览器启动成功
[2022-08-27 18:59:43,392][driverUtil.py 50][INFO]: 浏览器操作:网页打开成功
[2022-08-27 18:59:45,733][browserUtli.py 46][INFO]: 浏览器操作:谷歌浏览器启动成功
[2022-08-27 18:59:46,914][driverUtil.py 50][INFO]: 浏览器操作:网页打开成功
[2022-08-27 18:59:46,915][Ecshop_web_loginUser.py 41][INFO]: 用例名称:购买商品
[2022-08-27 18:59:46,915][Ecshop_web_loginUser.py 42][INFO]: 用户名:wjy
[2022-08-27 18:59:46,916][Ecshop_web_loginUser.py 43][INFO]: 密码:123456
[2022-08-27 18:59:58,070][assertUtil.py 118][INFO]: 断言成功:返回的结果中包含订单已提交成功
[2022-08-27 18:59:58,070][assertUtil.py 119][INFO]: 用例执行:成功
[2022-08-27 19:00:37,522][browserUtli.py 46][INFO]: 浏览器操作:谷歌浏览器启动成功
[2022-08-27 19:00:38,638][driverUtil.py 50][INFO]: 浏览器操作:网页打开成功
[2022-08-27 19:00:38,638][Ecshop_web_loginUser.py 41][INFO]: 用例名称:测试登录成功
[2022-08-27 19:00:38,638][Ecshop_web_loginUser.py 42][INFO]: 用户名:wjy
[2022-08-27 19:00:38,639][Ecshop_web_loginUser.py 43][INFO]: 密码:123456
[2022-08-27 19:00:39,623][assertUtil.py 118][INFO]: 断言成功:返回的结果中包含登录成功
[2022-08-27 19:00:39,624][assertUtil.py 119][INFO]: 用例执行:成功
[2022-08-27 19:00:43,179][browserUtli.py 46][INFO]: 浏览器操作:谷歌浏览器启动成功
[2022-08-27 19:00:43,837][driverUtil.py 50][INFO]: 浏览器操作:网页打开成功
[2022-08-27 19:00:45,406][browserUtli.py 46][INFO]: 浏览器操作:谷歌浏览器启动成功
[2022-08-27 19:00:46,050][driverUtil.py 50][INFO]: 浏览器操作:网页打开成功
[2022-08-27 19:00:46,051][Ecshop_web_loginUser.py 41][INFO]: 用例名称:购买商品
[2022-08-27 19:00:46,051][Ecshop_web_loginUser.py 42][INFO]: 用户名:wjy
[2022-08-27 19:00:46,051][Ecshop_web_loginUser.py 43][INFO]: 密码:123456
[2022-08-27 19:00:54,340][assertUtil.py 118][INFO]: 断言成功:返回的结果中包含订单已提交成功
[2022-08-27 19:00:54,340][assertUtil.py 119][INFO]: 用例执行:成功
